<?xml version="1.0" encoding="UTF-8"?>
<!-- Generated by org.testng.reporters.JUnitReportReporter -->
<testsuite hostname="sparsh" failures="0" tests="2" name="com.knoldus.Test1" time="1.415" errors="0" timestamp="2021-12-13T12:19:21 IST" skipped="0">
  <testcase classname="com.knoldus.Test1" name="login" time="1.184"/>
  <system-out/>
  <testcase classname="com.knoldus.Test1" name="login" time="0.231"/>
  <system-out/>
</testsuite> <!-- com.knoldus.Test1 -->
